d:\school\c++ with visual basic\monckyemulator\monckyemulator\core\debug\vc141.pdb
d:\school\c++ with visual basic\monckyemulator\monckyemulator\core\debug\vc141.idb
d:\school\c++ with visual basic\monckyemulator\monckyemulator\core\debug\alu.obj
d:\school\c++ with visual basic\monckyemulator\monckyemulator\core\debug\cl.obj
d:\school\c++ with visual basic\monckyemulator\monckyemulator\core\debug\assemblerreader.obj
d:\school\c++ with visual basic\monckyemulator\monckyemulator\core\debug\filereader.obj
d:\school\c++ with visual basic\monckyemulator\monckyemulator\core\debug\main.obj
d:\school\c++ with visual basic\monckyemulator\monckyemulator\core\debug\monckycompiler.obj
d:\school\c++ with visual basic\monckyemulator\monckyemulator\core\debug\system.obj
d:\school\c++ with visual basic\monckyemulator\monckyemulator\core\debug\ram.obj
d:\school\c++ with visual basic\monckyemulator\monckyemulator\core\debug\register.obj
d:\school\c++ with visual basic\monckyemulator\monckyemulator\core\debug\rom.obj
d:\school\c++ with visual basic\monckyemulator\monckyemulator\debug\core.exe
d:\school\c++ with visual basic\monckyemulator\monckyemulator\debug\core.ilk
d:\school\c++ with visual basic\monckyemulator\monckyemulator\debug\core.pdb
d:\school\c++ with visual basic\monckyemulator\monckyemulator\core\debug\core.tlog\cl.command.1.tlog
d:\school\c++ with visual basic\monckyemulator\monckyemulator\core\debug\core.tlog\cl.read.1.tlog
d:\school\c++ with visual basic\monckyemulator\monckyemulator\core\debug\core.tlog\cl.write.1.tlog
d:\school\c++ with visual basic\monckyemulator\monckyemulator\core\debug\core.tlog\link.command.1.tlog
d:\school\c++ with visual basic\monckyemulator\monckyemulator\core\debug\core.tlog\link.read.1.tlog
d:\school\c++ with visual basic\monckyemulator\monckyemulator\core\debug\core.tlog\link.write.1.tlog
